{
  "RSpec": {
    "coverage": {
      "/home/feiseater/Codes/ratebeer/app/models/rating.rb": [
        1,
        1,
        1,
        null,
        1,
        null,
        null,
        null,
        1,
        15,
        null,
        null
      ],
      "/home/feiseater/Codes/ratebeer/app/helpers/application_helper.rb": [
        1,
        null
      ],
      "/home/feiseater/Codes/ratebeer/app/helpers/beer_clubs_helper.rb": [
        1,
        null
      ],
      "/home/feiseater/Codes/ratebeer/app/helpers/beers_helper.rb": [
        1,
        null
      ],
      "/home/feiseater/Codes/ratebeer/app/helpers/breweries_helper.rb": [
        1,
        null
      ],
      "/home/feiseater/Codes/ratebeer/app/helpers/users_helper.rb": [
        1,
        null
      ],
      "/home/feiseater/Codes/ratebeer/app/models/beer.rb": [
        1,
        1,
        null,
        1,
        1,
        1,
        1,
        null,
        1,
        1,
        null,
        1,
        24,
        null,
        null
      ],
      "/home/feiseater/Codes/ratebeer/app/models/concerns/rating_average.rb": [
        1,
        1,
        null,
        1,
        null,
        null,
        30,
        null,
        null
      ],
      "/home/feiseater/Codes/ratebeer/app/models/brewery.rb": [
        1,
        1,
        null,
        1,
        1,
        null,
        1,
        1,
        null,
        1,
        null,
        1,
        48,
        0,
        null,
        null,
        null,
        null
      ],
      "/home/feiseater/Codes/ratebeer/app/models/style.rb": [
        1,
        1,
        null,
        1,
        17,
        null,
        null
      ],
      "/home/feiseater/Codes/ratebeer/app/models/user.rb": [
        1,
        1,
        null,
        1,
        null,
        1,
        null,
        1,
        null,
        null,
        null,
        1,
        1,
        1,
        1,
        null,
        1,
        3,
        2,
        null,
        null,
        1,
        24,
        46,
        32,
        32,
        null,
        null,
        1,
        24,
        46,
        26,
        26,
        null,
        null,
        1,
        null,
        1,
        102,
        68,
        null,
        null
      ],
      "/home/feiseater/Codes/ratebeer/app/controllers/sessions_controller.rb": [
        1,
        1,
        null,
        null,
        null,
        1,
        null,
        12,
        12,
        null,
        11,
        null,
        11,
        null,
        1,
        null,
        null,
        null,
        1,
        null,
        0,
        null,
        0,
        null,
        null
      ],
      "/home/feiseater/Codes/ratebeer/app/controllers/application_controller.rb": [
        1,
        null,
        null,
        1,
        null,
        null,
        1,
        null,
        1,
        384,
        330,
        null,
        null,
        1,
        4,
        null,
        null
      ],
      "/home/feiseater/Codes/ratebeer/app/controllers/users_controller.rb": [
        1,
        1,
        null,
        null,
        null,
        1,
        0,
        null,
        null,
        null,
        null,
        1,
        null,
        null,
        null,
        1,
        1,
        null,
        null,
        null,
        1,
        null,
        null,
        null,
        null,
        1,
        1,
        null,
        1,
        1,
        2,
        1,
        null,
        0,
        0,
        null,
        null,
        null,
        null,
        null,
        null,
        1,
        0,
        0,
        0,
        0,
        null,
        0,
        0,
        null,
        null,
        null,
        null,
        null,
        null,
        1,
        0,
        0,
        0,
        0,
        0,
        null,
        0,
        0,
        0,
        null,
        null,
        null,
        1,
        null,
        1,
        16,
        null,
        null,
        null,
        1,
        1,
        null,
        null
      ],
      "/home/feiseater/Codes/ratebeer/app/models/membership.rb": [
        1,
        1,
        1,
        null
      ],
      "/home/feiseater/Codes/ratebeer/app/models/beer_club.rb": [
        1,
        1,
        1,
        null
      ],
      "/home/feiseater/Codes/ratebeer/app/controllers/beers_controller.rb": [
        1,
        1,
        1,
        1,
        null,
        1,
        4,
        4,
        null,
        null,
        null,
        null,
        1,
        3,
        null,
        null,
        null,
        null,
        1,
        12,
        12,
        null,
        null,
        null,
        1,
        2,
        null,
        null,
        null,
        1,
        null,
        null,
        null,
        null,
        1,
        2,
        2,
        2,
        2,
        1,
        null,
        2,
        1,
        null,
        null,
        null,
        null,
        null,
        null,
        1,
        0,
        0,
        0,
        0,
        null,
        0,
        0,
        null,
        null,
        null,
        null,
        null,
        null,
        1,
        0,
        0,
        0,
        0,
        0,
        null,
        null,
        null,
        1,
        null,
        1,
        12,
        null,
        null,
        null,
        1,
        2,
        null,
        null
      ],
      "/home/feiseater/Codes/ratebeer/app/controllers/breweries_controller.rb": [
        1,
        1,
        1,
        null,
        null,
        null,
        1,
        2,
        null,
        null,
        null,
        null,
        1,
        null,
        null,
        null,
        1,
        0,
        null,
        null,
        null,
        1,
        null,
        null,
        null,
        null,
        1,
        0,
        null,
        0,
        0,
        0,
        0,
        null,
        0,
        0,
        null,
        null,
        null,
        null,
        null,
        null,
        1,
        0,
        0,
        0,
        0,
        null,
        0,
        0,
        null,
        null,
        null,
        null,
        null,
        null,
        1,
        0,
        0,
        0,
        0,
        0,
        0,
        null,
        null,
        null,
        1,
        null,
        1,
        1,
        null,
        null,
        null,
        1,
        0,
        null,
        null,
        null
      ],
      "/home/feiseater/Codes/ratebeer/lib/beermapping_api.rb": [
        1,
        1,
        6,
        10,
        null,
        null,
        1,
        null,
        1,
        4,
        null,
        4,
        4,
        null,
        4,
        null,
        3,
        3,
        5,
        null,
        null,
        null,
        1,
        4,
        4,
        null,
        null
      ],
      "/home/feiseater/Codes/ratebeer/app/models/place.rb": [
        1,
        1,
        null,
        1,
        null,
        1,
        6,
        null,
        null,
        null
      ],
      "/home/feiseater/Codes/ratebeer/app/controllers/places_controller.rb": [
        1,
        1,
        null,
        null,
        1,
        0,
        0,
        null,
        null,
        1,
        3,
        3,
        3,
        1,
        null,
        2,
        null,
        null,
        null,
        null
      ],
      "/home/feiseater/Codes/ratebeer/app/controllers/ratings_controller.rb": [
        1,
        1,
        2,
        null,
        null,
        1,
        12,
        12,
        null,
        null,
        1,
        12,
        null,
        12,
        0,
        12,
        12,
        12,
        null,
        0,
        0,
        null,
        null,
        null,
        1,
        1,
        1,
        1,
        null,
        null,
        null
      ]
    },
    "timestamp": 1423965082
  }
}
